[H[2J[3J===== SYSTEM CONTROL =====
1) Surveillance système
2) Maintenance
3) Contrôle matériel
4) Énergie
0) Quitter

Choix invalide
[H[2J[3J===== SYSTEM CONTROL =====
1) Surveillance système
2) Maintenance
3) Contrôle matériel
4) Énergie
0) Quitter

Choix invalide
[H[2J[3J===== SYSTEM CONTROL =====
1) Surveillance système
2) Maintenance
3) Contrôle matériel
4) Énergie
0) Quitter

Choix invalide
[H[2J[3J===== SYSTEM CONTROL =====
1) Surveillance système
2) Maintenance
3) Contrôle matériel
4) Énergie
0) Quitter

Choix invalide
[H[2J[3J===== SYSTEM CONTROL =====
1) Surveillance système
2) Maintenance
3) Contrôle matériel
4) Énergie
0) Quitter

Choix invalide
[H[2J[3J===== SYSTEM CONTROL =====
1) Surveillance système
2) Maintenance
3) Contrôle matériel
4) Énergie
0) Quitter

Choix invalide
[H[2J[3J===== SYSTEM CONTROL =====
1) Surveillance système
2) Maintenance
3) Contrôle matériel
4) Énergie
0) Quitter

Choix invalide
